2026-06-30 18:44:00.703 -03:00 [INF] Gran Forno API started
2026-06-30 18:44:00.786 -03:00 [WRN] The WebRootPath was not found: C:\Users\Usuario\Documents\Faculdade\PI\backend\src\GranForno.API\wwwroot. Static files may be unavailable.
2026-06-30 18:45:17.257 -03:00 [INF] OPTIONS /api/products responded 204 in 7ms
2026-06-30 18:45:17.257 -03:00 [INF] OPTIONS /api/products responded 204 in 7ms
2026-06-30 18:45:17.430 -03:00 [INF] GET /api/products responded 200 in 151ms
2026-06-30 18:45:17.444 -03:00 [INF] GET /api/products responded 200 in 12ms
2026-06-30 18:45:25.077 -03:00 [INF] OPTIONS /api/settings responded 204 in 0ms
2026-06-30 18:45:25.077 -03:00 [INF] OPTIONS /api/auth/me responded 204 in 0ms
2026-06-30 18:45:25.077 -03:00 [INF] OPTIONS /api/auth/me responded 204 in 0ms
2026-06-30 18:45:25.078 -03:00 [INF] OPTIONS /api/settings responded 204 in 0ms
2026-06-30 18:45:25.089 -03:00 [INF] GET /api/auth/me responded 401 in 5ms
2026-06-30 18:45:25.091 -03:00 [WRN] The query uses the 'First'/'FirstOrDefault' operator without 'OrderBy' and filter operators. This may lead to unpredictable results.
2026-06-30 18:45:25.093 -03:00 [INF] GET /api/auth/me responded 401 in 1ms
2026-06-30 18:45:25.102 -03:00 [INF] GET /api/settings responded 200 in 20ms
2026-06-30 18:45:25.105 -03:00 [INF] GET /api/settings responded 200 in 2ms
2026-06-30 18:45:26.606 -03:00 [INF] OPTIONS /api/gallery responded 204 in 0ms
2026-06-30 18:45:26.606 -03:00 [INF] OPTIONS /api/gallery responded 204 in 0ms
2026-06-30 18:45:26.621 -03:00 [INF] GET /api/gallery responded 200 in 11ms
2026-06-30 18:45:26.624 -03:00 [INF] GET /api/gallery responded 200 in 2ms
2026-06-30 18:45:28.938 -03:00 [INF] GET /api/settings responded 200 in 3ms
2026-06-30 18:45:28.940 -03:00 [INF] GET /api/settings responded 200 in 1ms
2026-06-30 18:45:31.796 -03:00 [INF] OPTIONS /api/products responded 204 in 0ms
2026-06-30 18:45:31.796 -03:00 [INF] OPTIONS /api/products responded 204 in 0ms
2026-06-30 18:45:31.802 -03:00 [INF] GET /api/products responded 200 in 3ms
2026-06-30 18:45:31.805 -03:00 [INF] GET /api/products responded 200 in 2ms
2026-06-30 18:46:48.841 -03:00 [INF] OPTIONS /api/auth/login responded 204 in 0ms
2026-06-30 18:46:48.987 -03:00 [INF] POST /api/auth/login responded 200 in 144ms
2026-06-30 18:46:49.023 -03:00 [INF] OPTIONS /api/auth/me responded 204 in 0ms
2026-06-30 18:46:49.071 -03:00 [INF] GET /api/auth/me responded 200 in 46ms
2026-06-30 18:46:49.075 -03:00 [INF] GET /api/auth/me responded 200 in 3ms
2026-06-30 18:46:54.690 -03:00 [INF] OPTIONS /api/auth/me responded 204 in 0ms
2026-06-30 18:46:54.690 -03:00 [INF] OPTIONS /api/auth/me responded 204 in 0ms
2026-06-30 18:46:54.695 -03:00 [INF] GET /api/auth/me responded 200 in 2ms
2026-06-30 18:46:54.698 -03:00 [INF] GET /api/auth/me responded 200 in 2ms
2026-06-30 18:46:54.700 -03:00 [INF] OPTIONS /api/admin/dashboard responded 204 in 0ms
2026-06-30 18:46:54.700 -03:00 [INF] OPTIONS /api/admin/dashboard responded 204 in 0ms
2026-06-30 18:46:54.729 -03:00 [INF] GET /api/admin/dashboard responded 200 in 26ms
2026-06-30 18:46:54.732 -03:00 [INF] GET /api/admin/dashboard responded 200 in 2ms
2026-06-30 18:46:57.186 -03:00 [INF] OPTIONS /api/products responded 204 in 0ms
2026-06-30 18:46:57.186 -03:00 [INF] OPTIONS /api/products responded 204 in 0ms
2026-06-30 18:46:57.190 -03:00 [INF] GET /api/auth/me responded 200 in 3ms
2026-06-30 18:46:57.196 -03:00 [INF] GET /api/products responded 200 in 6ms
2026-06-30 18:46:57.199 -03:00 [INF] GET /api/products responded 200 in 2ms
2026-06-30 18:48:35.885 -03:00 [INF] OPTIONS /api/upload responded 204 in 0ms
2026-06-30 18:48:35.910 -03:00 [INF] POST /api/upload responded 200 in 22ms
2026-06-30 18:51:23.326 -03:00 [INF] OPTIONS /api/products responded 204 in 0ms
2026-06-30 18:51:23.336 -03:00 [INF] GET /api/products responded 200 in 7ms
2026-06-30 18:51:38.128 -03:00 [INF] OPTIONS /api/products responded 204 in 0ms
2026-06-30 18:51:38.132 -03:00 [INF] GET /api/products responded 200 in 2ms
2026-06-30 18:51:46.724 -03:00 [INF] OPTIONS /api/products responded 204 in 0ms
2026-06-30 18:51:46.727 -03:00 [INF] GET /api/products responded 200 in 1ms
2026-06-30 18:52:39.326 -03:00 [INF] OPTIONS /api/upload responded 204 in 0ms
2026-06-30 18:52:39.335 -03:00 [INF] POST /api/upload responded 200 in 6ms
2026-06-30 18:52:42.128 -03:00 [INF] OPTIONS /api/products responded 204 in 0ms
2026-06-30 18:52:42.148 -03:00 [INF] POST /api/products responded 201 in 18ms
2026-06-30 18:52:42.151 -03:00 [INF] GET /api/products responded 200 in 1ms
2026-06-30 18:53:13.049 -03:00 [INF] OPTIONS /api/gallery responded 204 in 0ms
2026-06-30 18:53:13.050 -03:00 [INF] OPTIONS /api/auth/me responded 204 in 0ms
2026-06-30 18:53:13.050 -03:00 [INF] OPTIONS /api/gallery responded 204 in 0ms
2026-06-30 18:53:13.055 -03:00 [INF] GET /api/gallery responded 200 in 2ms
2026-06-30 18:53:13.057 -03:00 [INF] GET /api/gallery responded 200 in 1ms
2026-06-30 18:53:13.059 -03:00 [INF] GET /api/auth/me responded 200 in 5ms
2026-06-30 18:54:15.482 -03:00 [INF] OPTIONS /api/upload responded 204 in 0ms
2026-06-30 18:54:15.489 -03:00 [INF] POST /api/upload responded 200 in 4ms
